<?xml version="1.0" encoding="UTF-8" ?>
<testsuite tests="6" failures="0" name="com.facebook.login.runnerTest" time="0.01" errors="0" skipped="0">
  <properties>
[...]
</properties>
  <testcase classname="Scenario: Good user" name="Given I go to &quot;browser&quot; and navigate to &quot;testsite&quot;" time="0.008"/>
  <testcase classname="Scenario: Good user" name="And I enter &quot;username&quot; as &quot;priyanka.sankepally@gmail.com&quot;" time="0"/>
  <testcase classname="Scenario: Good user" name="And I enter &quot;password&quot; as &quot;blessmegod&quot;" time="0"/>
  <testcase classname="Scenario: Good user" name="And I click on &quot;Login&quot;Button" time="0.001"/>
  <testcase classname="Scenario: Good user" name="Then login should be &quot;success&quot;" time="0"/>
  <testcase classname="Scenario: Good user" name="Scenario: Good user" time="0.001"/>
</testsuite>